0 info it worked if it ends with ok
1 verbose cli [ '/home/duc/.nvm/versions/node/v7.0.0/bin/node',
1 verbose cli   '/home/duc/.nvm/versions/node/v7.0.0/bin/npm',
1 verbose cli   'run',
1 verbose cli   'create-model' ]
2 info using npm@3.10.8
3 info using node@v7.0.0
4 verbose run-script [ 'precreate-model', 'create-model', 'postcreate-model' ]
5 info lifecycle nodejs-api-security@1.0.0~precreate-model: nodejs-api-security@1.0.0
6 silly lifecycle nodejs-api-security@1.0.0~precreate-model: no script for precreate-model, continuing
7 info lifecycle nodejs-api-security@1.0.0~create-model: nodejs-api-security@1.0.0
8 verbose lifecycle nodejs-api-security@1.0.0~create-model: unsafe-perm in lifecycle true
9 verbose lifecycle nodejs-api-security@1.0.0~create-model: PATH: /home/duc/.nvm/versions/node/v7.0.0/lib/node_modules/npm/bin/node-gyp-bin:/home/duc/nodejs_workspace/Startup_ioiort/node_modules/.bin:/home/duc/.nvm/versions/node/v7.0.0/bin:/home/duc/bin:/usr/local/bin:/usr/bin:/bin:/usr/games
10 verbose lifecycle nodejs-api-security@1.0.0~create-model: CWD: /home/duc/nodejs_workspace/Startup_ioiort
11 silly lifecycle nodejs-api-security@1.0.0~create-model: Args: [ '-c',
11 silly lifecycle   'npm run create-database && npm run create-database-from-sqlfile' ]
12 silly lifecycle nodejs-api-security@1.0.0~create-model: Returned: code: 1  signal: null
13 info lifecycle nodejs-api-security@1.0.0~create-model: Failed to exec create-model script
14 verbose stack Error: nodejs-api-security@1.0.0 create-model: `npm run create-database && npm run create-database-from-sqlfile`
14 verbose stack Exit status 1
14 verbose stack     at EventEmitter.<anonymous> (/home/duc/.nvm/versions/node/v7.0.0/lib/node_modules/npm/lib/utils/lifecycle.js:255:16)
14 verbose stack     at emitTwo (events.js:106:13)
14 verbose stack     at EventEmitter.emit (events.js:191:7)
14 verbose stack     at ChildProcess.<anonymous> (/home/duc/.nvm/versions/node/v7.0.0/lib/node_modules/npm/lib/utils/spawn.js:40:14)
14 verbose stack     at emitTwo (events.js:106:13)
14 verbose stack     at ChildProcess.emit (events.js:191:7)
14 verbose stack     at maybeClose (internal/child_process.js:877:16)
14 verbose stack     at Process.ChildProcess._handle.onexit (internal/child_process.js:226:5)
15 verbose pkgid nodejs-api-security@1.0.0
16 verbose cwd /home/duc/nodejs_workspace/Startup_ioiort
17 error Linux 4.8.6-1-default
18 error argv "/home/duc/.nvm/versions/node/v7.0.0/bin/node" "/home/duc/.nvm/versions/node/v7.0.0/bin/npm" "run" "create-model"
19 error node v7.0.0
20 error npm  v3.10.8
21 error code ELIFECYCLE
22 error nodejs-api-security@1.0.0 create-model: `npm run create-database && npm run create-database-from-sqlfile`
22 error Exit status 1
23 error Failed at the nodejs-api-security@1.0.0 create-model script 'npm run create-database && npm run create-database-from-sqlfile'.
23 error Make sure you have the latest version of node.js and npm installed.
23 error If you do, this is most likely a problem with the nodejs-api-security package,
23 error not with npm itself.
23 error Tell the author that this fails on your system:
23 error     npm run create-database && npm run create-database-from-sqlfile
23 error You can get information on how to open an issue for this project with:
23 error     npm bugs nodejs-api-security
23 error Or if that isn't available, you can get their info via:
23 error     npm owner ls nodejs-api-security
23 error There is likely additional logging output above.
24 verbose exit [ 1, true ]
